
--- New Request: deb32dc1-e496-48d8-81ff-378ab775a39d ---
fetch_and_rank_applications CALLED for deb32dc1-e496-48d8-81ff-378ab775a39d
Client initialized with token.
Job found: Frontend
Fetching applications for Job ID: deb32dc1-e496-48d8-81ff-378ab775a39d...
Found 2 applications.
Starting to process 2 applications...
Downloading resume from: https://okykagigdrhbpdvavksm.supabase.co/storage/v...
Downloaded 1623 bytes
Extracted 205 characters of text
Downloading resume from: https://okykagigdrhbpdvavksm.supabase.co/storage/v...
Downloaded 1666 bytes
Extracted 266 characters of text
Successfully processed 2 resumes. Starting ranking...
Ranking complete. Got 2 results.

--- New Request: deb32dc1-e496-48d8-81ff-378ab775a39d ---
fetch_and_rank_applications CALLED for deb32dc1-e496-48d8-81ff-378ab775a39d
Client initialized with token.
Job found: Frontend
Fetching applications for Job ID: deb32dc1-e496-48d8-81ff-378ab775a39d...
Found 2 applications.
Starting to process 2 applications...
Downloading resume from: https://okykagigdrhbpdvavksm.supabase.co/storage/v...
Downloaded 1623 bytes
Extracted 205 characters of text
Downloading resume from: https://okykagigdrhbpdvavksm.supabase.co/storage/v...
Downloaded 1666 bytes
Extracted 266 characters of text
Successfully processed 2 resumes. Starting ranking...
Ranking complete. Got 2 results.

--- New Request: deb32dc1-e496-48d8-81ff-378ab775a39d ---
fetch_and_rank_applications CALLED for deb32dc1-e496-48d8-81ff-378ab775a39d
Client initialized with token.
Job found: Frontend
Fetching applications for Job ID: deb32dc1-e496-48d8-81ff-378ab775a39d...
Found 2 applications.
Starting to process 2 applications...
Downloading resume from: https://okykagigdrhbpdvavksm.supabase.co/storage/v...
Downloaded 1623 bytes
Extracted 205 characters of text
Downloading resume from: https://okykagigdrhbpdvavksm.supabase.co/storage/v...
Downloaded 1666 bytes
Extracted 266 characters of text
Successfully processed 2 resumes. Starting ranking...
Ranking complete. Got 2 results.
